<?xml version="1.0" encoding="UTF-8"?>
<testsuite name="Form Demoqa" tests="1" skipped="0" failures="0" errors="0" timestamp="2021-07-08T18:06:45" hostname="DESKTOP-AL8N0VC" time="28.103">
  <properties/>
  <testcase name="Enter data to the demoqa form" classname="Form Demoqa" time="28.103"/>
  <system-out><![CDATA[]]></system-out>
  <system-err><![CDATA[jul 08, 2021 1:06:45 PM org.openqa.selenium.remote.DesiredCapabilities chrome
INFORMACIÓN: Using `new ChromeOptions()` is preferred to `DesiredCapabilities.chrome()`
[Test worker] INFO net.serenitybdd.core.webdriver.driverproviders.ProvideNewDriver - Instantiating driver
[Test worker] INFO net.serenitybdd.core.webdriver.driverproviders.ProvideNewDriver - Driver capabilities: Capabilities {acceptInsecureCerts: false, browserName: chrome, chrome.switches: --disable-popup-blocking,--..., goog:chromeOptions: {args: [--disable-popup-blocking, --incognito, --disable-download-notifica..., --start-maximized, --test-type, --ignore-certificate-errors, --allow-running-insecure-co..., --disable-translate, --always-authorize-plugins, --disable-extensions, --disable-dev-shm-usage], extensions: []}, loggingPrefs: org.openqa.selenium.logging..., platform: ANY, version: }
Starting ChromeDriver 91.0.4472.19 (1bf021f248676a0b2ab3ee0561d83a59e424c23e-refs/branch-heads/4472@{#288}) on port 22401
Only local connections are allowed.
Please see https://chromedriver.chromium.org/security-considerations for suggestions on keeping ChromeDriver safe.
ChromeDriver was started successfully.
jul 08, 2021 1:06:47 PM org.openqa.selenium.remote.ProtocolHandshake createSession
INFORMACIÓN: Detected dialect: W3C
[Test worker] INFO net.thucydides.core.steps.ConsoleLoggingListener - 
        __    _____ _____ ____ _____   ____   _    ____  ____  _____ ____  
  _     \ \  |_   _| ____/ ___|_   _| |  _ \ / \  / ___|/ ___|| ____|  _ \ 
 (_)_____| |   | | |  _| \___ \ | |   | |_) / _ \ \___ \\___ \|  _| | | | |
  _|_____| |   | | | |___ ___) || |   |  __/ ___ \ ___) |___) | |___| |_| |
 (_)     | |   |_| |_____|____/ |_|   |_| /_/   \_\____/|____/|_____|____/ 
        /_/                                                                

TEST PASSED: Enter data to the demoqa form
----------------------------------------------------------------------------
]]></system-err>
</testsuite>
